<?xml version="1.0" encoding="UTF-8"?>
<testng-results ignored="0" total="1" passed="1" failed="0" skipped="0">
  <reporter-output>
  </reporter-output>
  <suite started-at="2024-03-24T21:55:08 IST" name="Suite" finished-at="2024-03-24T21:55:10 IST" duration-ms="1344">
    <groups>
    </groups>
    <test started-at="2024-03-24T21:55:08 IST" name="Test" finished-at="2024-03-24T21:55:10 IST" duration-ms="1344">
      <class name="base.TestingPurpose">
        <test-method is-config="true" signature="testMethod()[pri:0, instance:base.TestingPurpose@22a637e7]" started-at="2024-03-24T21:55:08 IST" name="testMethod" finished-at="2024-03-24T21:55:10 IST" duration-ms="1262" status="PASS">
          <reporter-output>
          </reporter-output>
        </test-method> <!-- testMethod -->
        <test-method signature="testMethod()[pri:0, instance:base.TestingPurpose@22a637e7]" started-at="2024-03-24T21:55:10 IST" name="testMethod" finished-at="2024-03-24T21:55:10 IST" duration-ms="19" status="PASS">
          <reporter-output>
          </reporter-output>
        </test-method> <!-- testMethod -->
      </class> <!-- base.TestingPurpose -->
    </test> <!-- Test -->
  </suite> <!-- Suite -->
</testng-results>
